<?xml version="1.0" encoding="UTF-8"?>
<testsuite xmlns:xsi="http://www.w3.org/2001/XMLSchema-instance" xsi:noNamespaceSchemaLocation="https://maven.apache.org/surefire/maven-surefire-plugin/xsd/surefire-test-report-3.0.xsd" version="3.0" name="TestSuite" time="2.779" tests="9" errors="0" skipped="8" failures="1">
  <properties>
[...]
</properties>
  <testcase name="beforeTest" classname="com.myselenium.selenium.EdgeTest" time="2.57">
    <failure message="session not created: No matching capabilities found&#10;Build info: version: &apos;3.9.1&apos;, revision: &apos;63f7b50&apos;, time: &apos;2018-02-07T22:25:02.294Z&apos;&#10;System info: host: &apos;ABI-PC&apos;, ip: &apos;192.168.229.2&apos;, os.name: &apos;Windows 10&apos;, os.arch: &apos;amd64&apos;, os.version: &apos;10.0&apos;, java.version: &apos;1.8.0_102&apos;&#10;Driver info: driver.version: ChromeDriver&#10;remote stacktrace: Backtrace:&#10;	Ordinal0 [0x00007FF65297C3E2+1950690]&#10;	Ordinal0 [0x00007FF6528DF782+1308546]&#10;	Ordinal0 [0x00007FF652840981+657793]&#10;	Ordinal0 [0x00007FF6527D6C79+224377]&#10;	Ordinal0 [0x00007FF6527D678A+223114]&#10;	Ordinal0 [0x00007FF6527D7BF1+228337]&#10;	Ordinal0 [0x00007FF6527D51AF+217519]&#10;	Ordinal0 [0x00007FF6527B706F+94319]&#10;	Ordinal0 [0x00007FF6527B822E+98862]&#10;	Ordinal0 [0x00007FF6528F8611+1410577]&#10;	GetHandleVerifier [0x00007FF652A3DA09+656377]&#10;	GetHandleVerifier [0x00007FF652A3D7A1+655761]&#10;	GetHandleVerifier [0x00007FF652A540EC+748252]&#10;	GetHandleVerifier [0x00007FF652A3E1E3+658387]&#10;	Ordinal0 [0x00007FF6528EF0DE+1372382]&#10;	Ordinal0 [0x00007FF6528FA1F6+1417718]&#10;	Ordinal0 [0x00007FF652915F3D+1531709]&#10;	BaseThreadInitThunk [0x00007FFFBDE97BD4+20]&#10;	RtlUserThreadStart [0x00007FFFBF74CE51+33]&#10;" type="org.openqa.selenium.SessionNotCreatedException">org.openqa.selenium.SessionNotCreatedException: 
session not created: No matching capabilities found
Build info: version: '3.9.1', revision: '63f7b50', time: '2018-02-07T22:25:02.294Z'
System info: host: 'ABI-PC', ip: '192.168.229.2', os.name: 'Windows 10', os.arch: 'amd64', os.version: '10.0', java.version: '1.8.0_102'
Driver info: driver.version: ChromeDriver
remote stacktrace: Backtrace:
	Ordinal0 [0x00007FF65297C3E2+1950690]
	Ordinal0 [0x00007FF6528DF782+1308546]
	Ordinal0 [0x00007FF652840981+657793]
	Ordinal0 [0x00007FF6527D6C79+224377]
	Ordinal0 [0x00007FF6527D678A+223114]
	Ordinal0 [0x00007FF6527D7BF1+228337]
	Ordinal0 [0x00007FF6527D51AF+217519]
	Ordinal0 [0x00007FF6527B706F+94319]
	Ordinal0 [0x00007FF6527B822E+98862]
	Ordinal0 [0x00007FF6528F8611+1410577]
	GetHandleVerifier [0x00007FF652A3DA09+656377]
	GetHandleVerifier [0x00007FF652A3D7A1+655761]
	GetHandleVerifier [0x00007FF652A540EC+748252]
	GetHandleVerifier [0x00007FF652A3E1E3+658387]
	Ordinal0 [0x00007FF6528EF0DE+1372382]
	Ordinal0 [0x00007FF6528FA1F6+1417718]
	Ordinal0 [0x00007FF652915F3D+1531709]
	BaseThreadInitThunk [0x00007FFFBDE97BD4+20]
	RtlUserThreadStart [0x00007FFFBF74CE51+33]

	at com.myselenium.selenium.EdgeTest.beforeTest(EdgeTest.java:37)
</failure>
    <system-err><![CDATA[Starting MSEdgeDriver 80.0.328.0 (7877043e046ea7f0e65af016849a7cc881d6e77f) on port 27861
Only local connections are allowed.
Please protect ports used by MSEdgeDriver and related test frameworks to prevent access by malicious code.
]]></system-err>
  </testcase>
  <testcase name="beforeTest" classname="com.myselenium.selenium.EdgeTest" time="0">
    <skipped/>
  </testcase>
  <testcase name="beforeTest" classname="com.myselenium.selenium.EdgeTest" time="0">
    <skipped/>
  </testcase>
  <testcase name="testEasy" classname="com.myselenium.selenium.InternetExplorarTest" time="0">
    <skipped/>
  </testcase>
  <testcase name="testEasy" classname="com.myselenium.selenium.EdgeTest" time="0">
    <skipped/>
  </testcase>
  <testcase name="testEasy" classname="com.myselenium.selenium.FirefoxTest" time="0">
    <skipped/>
  </testcase>
  <testcase name="afterTest" classname="com.myselenium.selenium.EdgeTest" time="0">
    <skipped/>
  </testcase>
  <testcase name="afterTest" classname="com.myselenium.selenium.EdgeTest" time="0">
    <skipped/>
  </testcase>
  <testcase name="afterTest" classname="com.myselenium.selenium.EdgeTest" time="0">
    <skipped/>
  </testcase>
</testsuite>